<?xml version="1.0" encoding="UTF-8" ?>
<testsuite failures="0" time="0.03" errors="0" skipped="0" tests="1" name="fr.alma.AppTest">
  <properties>
    <property name="java.vendor" value="Sun Microsystems Inc."/>
    <property name="env.SESSION_MANAGER" value="local/S040V2pc03:/tmp/.ICE-unix/2738"/>
    <property name="localRepository" value="/comptes/E098625B/.m2/repository"/>
    <property name="env.ORACLE_HOME" value="/usr/local/opt/oracle_client/product/8.1.7/"/>
    <property name="sun.java.launcher" value="SUN_STANDARD"/>
    <property name="env.CASTEM" value="/usr/local/opt/MATHS/castem"/>
    <property name="sun.management.compiler" value="HotSpot Client Compiler"/>
    <property name="os.name" value="Linux"/>
    <property name="env.INTEL_LICENSE_FILE" value="/usr/local/opt/LANGAGES/Fortran_intel/licenses/noncommercial_for_l_88275208.lic"/>
    <property name="sun.boot.class.path" value="/usr/local/opt/LANGAGES/JAVA/jdk1.6.0_17/jre/lib/resources.jar:/usr/local/opt/LANGAGES/JAVA/jdk1.6.0_17/jre/lib/rt.jar:/usr/local/opt/LANGAGES/JAVA/jdk1.6.0_17/jre/lib/sunrsasign.jar:/usr/local/opt/LANGAGES/JAVA/jdk1.6.0_17/jre/lib/jsse.jar:/usr/local/opt/LANGAGES/JAVA/jdk1.6.0_17/jre/lib/jce.jar:/usr/local/opt/LANGAGES/JAVA/jdk1.6.0_17/jre/lib/charsets.jar:/usr/local/opt/LANGAGES/JAVA/jdk1.6.0_17/jre/classes"/>
    <property name="env.PWD" value="/comptes/E098625B/alma-go/groupeD/trunk"/>
    <property name="env.XDG_SESSION_COOKIE" value="0c4754e88dd056e3c4698a4d484e9dc8-1268665005.34696-2054775176"/>
    <property name="env.ftp_proxy" value="http://proxy.ensinfo.sciences.univ-nantes.prive:3128"/>
    <property name="sun.desktop" value="gnome"/>
    <property name="env.LANG" value="fr_FR.UTF-8"/>
    <property name="java.vm.specification.vendor" value="Sun Microsystems Inc."/>
    <property name="java.runtime.version" value="1.6.0_17-b04"/>
    <property name="env.DISPLAY" value=":0.0"/>
    <property name="user.name" value="E098625B"/>
    <property name="env._" value="/usr/local/opt/maven/bin/mvn"/>
    <property name="env.USER" value="E098625B"/>
    <property name="env.SHELL" value="/bin/bash"/>
    <property name="env.DESKTOP_SESSION" value="default"/>
    <property name="env.XDG_DATA_DIRS" value="/usr/local/share/:/usr/share/:/usr/share/gdm/"/>
    <property name="env.NLSPATH" value="/usr/dt/lib/nls/msg/%L/%N.cat"/>
    <property name="env.PATH" value="/usr/local/opt/gplates/bin/:/usr/local/opt/codeblocks/bin:/usr/local/opt/geany/bin:/usr/local/opt/unafold/bin:/usr/local/opt/maven/bin:/usr/local/opt/zzhi:/usr/local/opt/MATHS/R-2.7.2/bin:/usr/local/opt/MATHS/freefem++/bin:/usr/local/opt/LANGAGES/SWI-PROLOG/bin:UIMA_HOME/bin:/usr/local/opt/LANGAGES/jade:/usr/local/opt/sqldeveloper:/usr/local/opt/LANGAGES/gcobol:/usr/local/opt/ant/bin:/usr/local/opt/LANGAGES/Eiffel61/studio/spec/linux-x86/bin:/usr/local/opt/nam-1.11:/usr/local/opt/ns-2.29:/usr/local/opt/LANGAGES/xQuest/bin:/usr/local/opt/LANGAGES/SICStus/spCurentVersion/bin:/usr/local/opt/LANGAGES/oXygen:/usr/local/opt/LANGAGES/ocaml/bin:/usr/local/opt/LANGAGES/ArgoUML/:/usr/local/opt/RSA:/usr/local/opt/sniffer:/usr/local/opt/ELEC/chipmunk/bin:/usr/local/opt/LANGAGES/FreePascal/bin:/usr/local/opt/oracle_client/product/8.1.7/bin:/usr/local/opt/MATHS/Maple9/bin:/usr/local/opt/MATHS/scilab/bin:/usr/local/opt/MATHS/grace/bin:/usr/local/opt/MATHS/castem/bin:/usr/local/opt/LANGAGES/Fortran95/bin/:/usr/local/opt/LANGAGES/CPLEX/cplex91/bin/x86_RHEL3.0_3.2:/usr/local/opt/LANGAGES/oXygen:/usr/local/opt/LANGAGES/eclipse:/usr/local/opt/LANGAGES/JAVA/jdk/bin/:/usr/local/sbin:/usr/local/bin:/usr/sbin:/usr/bin:/sbin:/bin:/usr/bin/X11:/usr/games:/usr/local/opt/LANGAGES/JML/bin"/>
    <property name="user.language" value="fr"/>
    <property name="sun.boot.library.path" value="/usr/local/opt/LANGAGES/JAVA/jdk1.6.0_17/jre/lib/i386"/>
    <property name="classworlds.conf" value="/usr/local/opt/maven/bin/m2.conf"/>
    <property name="java.version" value="1.6.0_17"/>
    <property name="user.timezone" value="Europe/Paris"/>
    <property name="env.DBUS_SESSION_BUS_ADDRESS" value="unix:abstract=/tmp/dbus-psIN9klnzR,guid=856747dce6a209888f0e05444b9e4aaf"/>
    <property name="sun.arch.data.model" value="32"/>
    <property name="java.endorsed.dirs" value="/usr/local/opt/LANGAGES/JAVA/jdk1.6.0_17/jre/lib/endorsed"/>
    <property name="sun.cpu.isalist" value=""/>
    <property name="sun.jnu.encoding" value="ISO-8859-15"/>
    <property name="file.encoding.pkg" value="sun.io"/>
    <property name="env.SHLVL" value="1"/>
    <property name="file.separator" value="/"/>
    <property name="java.specification.name" value="Java Platform API Specification"/>
    <property name="env.GNOME_DESKTOP_SESSION_ID" value="Default"/>
    <property name="java.class.version" value="50.0"/>
    <property name="env.GDMSESSION" value="default"/>
    <property name="user.country" value="FR"/>
    <property name="env.GNOME_KEYRING_PID" value="2737"/>
    <property name="java.home" value="/usr/local/opt/LANGAGES/JAVA/jdk1.6.0_17/jre"/>
    <property name="java.vm.info" value="mixed mode, sharing"/>
    <property name="env.LOGNAME" value="E098625B"/>
    <property name="os.version" value="2.6.30-FSC-M-BG"/>
    <property name="path.separator" value=":"/>
    <property name="env.ISE_PLATFORM" value="linux-x86"/>
    <property name="java.vm.version" value="14.3-b01"/>
    <property name="env.DESKTOP_STARTUP_ID" value=""/>
    <property name="env.https_proxy" value="http://proxy.ensinfo.sciences.univ-nantes.prive:3128"/>
    <property name="env.JAVA_HOME" value="/usr/local/opt/LANGAGES/JAVA/jdk"/>
    <property name="java.awt.printerjob" value="sun.print.PSPrinterJob"/>
    <property name="env.TERM" value="xterm"/>
    <property name="env.JMLDIR" value="/usr/local/opt/LANGAGES/JML"/>
    <property name="env.WINDOWPATH" value="7"/>
    <property name="sun.io.unicode.encoding" value="UnicodeLittle"/>
    <property name="env.GDM_LANG" value="fr_FR.UTF-8"/>
    <property name="user.home" value="/comptes/E098625B"/>
    <property name="env.OLDPWD" value="/comptes/E098625B/alma-go/groupeD/trunk"/>
    <property name="java.specification.vendor" value="Sun Microsystems Inc."/>
    <property name="env.http_proxy" value="http://proxy.ensinfo.sciences.univ-nantes.prive:3128"/>
    <property name="env.WINDOWID" value="33554513"/>
    <property name="java.library.path" value="/usr/local/opt/LANGAGES/JAVA/jdk1.6.0_17/jre/lib/i386/client:/usr/local/opt/LANGAGES/JAVA/jdk1.6.0_17/jre/lib/i386:/usr/local/opt/LANGAGES/JAVA/jdk1.6.0_17/jre/../lib/i386:/usr/local/opt/oracle_client/product/8.1.7/lib:/usr/java/packages/lib/i386:/lib:/usr/lib"/>
    <property name="java.vendor.url" value="http://java.sun.com/"/>
    <property name="env.GDM_XSERVER_LOCATION" value="local"/>
    <property name="java.vm.vendor" value="Sun Microsystems Inc."/>
    <property name="java.runtime.name" value="Java(TM) SE Runtime Environment"/>
    <property name="maven.home" value="/usr/local/opt/maven"/>
    <property name="java.class.path" value="/usr/local/opt/maven/boot/classworlds-1.1.jar"/>
    <property name="env.XFILESEARCHPATH" value="/usr/dt/app-defaults/%L/Dt"/>
    <property name="java.vm.specification.name" value="Java Virtual Machine Specification"/>
    <property name="java.vm.specification.version" value="1.0"/>
    <property name="sun.os.patch.level" value="unknown"/>
    <property name="sun.cpu.endian" value="little"/>
    <property name="env.GTK_RC_FILES" value="/etc/gtk/gtkrc:/comptes/E098625B/.gtkrc-1.2-gnome2"/>
    <property name="env.HOME" value="/comptes/E098625B"/>
    <property name="surefire.test.class.path" value="/comptes/E098625B/alma-go/groupeD/trunk/target/test-classes:/comptes/E098625B/alma-go/groupeD/trunk/target/classes:/comptes/E098625B/.m2/repository/junit/junit/3.8.1/junit-3.8.1.jar:"/>
    <property name="java.io.tmpdir" value="/tmp"/>
    <property name="env.LD_LIBRARY_PATH" value="/usr/local/opt/LANGAGES/JAVA/jdk1.6.0_17/jre/lib/i386/client:/usr/local/opt/LANGAGES/JAVA/jdk1.6.0_17/jre/lib/i386:/usr/local/opt/LANGAGES/JAVA/jdk1.6.0_17/jre/../lib/i386:/usr/local/opt/oracle_client/product/8.1.7/lib"/>
    <property name="java.vendor.url.bug" value="http://java.sun.com/cgi-bin/bugreport.cgi"/>
    <property name="env.SSH_AUTH_SOCK" value="/tmp/keyring-cbGUL9/ssh"/>
    <property name="java.awt.graphicsenv" value="sun.awt.X11GraphicsEnvironment"/>
    <property name="os.arch" value="i386"/>
    <property name="java.ext.dirs" value="/usr/local/opt/LANGAGES/JAVA/jdk1.6.0_17/jre/lib/ext:/usr/java/packages/lib/ext"/>
    <property name="env.ISE_EIFFEL" value="/usr/local/opt/LANGAGES/Eiffel61"/>
    <property name="user.dir" value="/comptes/E098625B/alma-go/groupeD/trunk"/>
    <property name="env.XAUTHORITY" value="/tmp/.gdmC9ZL9U"/>
    <property name="line.separator" value="
"/>
    <property name="env.LC_ALL" value="fr_FR@euro"/>
    <property name="java.vm.name" value="Java HotSpot(TM) Client VM"/>
    <property name="env.COLORTERM" value="gnome-terminal"/>
    <property name="basedir" value="/comptes/E098625B/alma-go/groupeD/trunk"/>
    <property name="env.USERNAME" value="E098625B"/>
    <property name="file.encoding" value="ISO-8859-15"/>
    <property name="env.GNOME_KEYRING_SOCKET" value="/tmp/keyring-cbGUL9/socket"/>
    <property name="env.ILOG_LICENSE_FILE" value="/usr/local/opt/LANGAGES/CPLEX/cplex91/access.ilm"/>
    <property name="env.UIMA_HOME" value="/usr/local/opt/TALN/uima"/>
    <property name="java.specification.version" value="1.6"/>
  </properties>
  <testcase time="0.004" classname="fr.alma.AppTest" name="testApp"/>
</testsuite>